[22-Apr-2025 02:51:42 UTC] PHP Warning:  Undefined array key "host" in /workspaces/UX221Lab7/.wordpress/wp-includes/pluggable.php on line 1640
[22-Apr-2025 03:02:44 UTC] PHP Warning:  Undefined variable $parent_theme_name in /workspaces/UX221Lab7/.wordpress/wp-content/mu-plugins/one-click-child-theme/templates/create_child_form.php on line 18
[22-Apr-2025 03:19:56 UTC] PHP Warning:  Cannot modify header information - headers already sent by (output started at /workspaces/UX221Lab7/.wordpress/wp-content/themes/oddjobs-child/functions.php:1) in /workspaces/UX221Lab7/.wordpress/wp-admin/admin-ajax.php on line 27
[22-Apr-2025 03:19:56 UTC] PHP Warning:  Cannot modify header information - headers already sent by (output started at /workspaces/UX221Lab7/.wordpress/wp-content/themes/oddjobs-child/functions.php:1) in /workspaces/UX221Lab7/.wordpress/wp-admin/admin-ajax.php on line 28
[22-Apr-2025 03:19:56 UTC] PHP Warning:  Cannot modify header information - headers already sent by (output started at /workspaces/UX221Lab7/.wordpress/wp-content/themes/oddjobs-child/functions.php:1) in /workspaces/UX221Lab7/.wordpress/wp-includes/functions.php on line 7031
[22-Apr-2025 03:19:56 UTC] PHP Warning:  Cannot modify header information - headers already sent by (output started at /workspaces/UX221Lab7/.wordpress/wp-content/themes/oddjobs-child/functions.php:1) in /workspaces/UX221Lab7/.wordpress/wp-includes/functions.php on line 7168
[22-Apr-2025 03:19:56 UTC] PHP Warning:  Cannot modify header information - headers already sent by (output started at /workspaces/UX221Lab7/.wordpress/wp-content/themes/oddjobs-child/functions.php:1) in /workspaces/UX221Lab7/.wordpress/wp-includes/functions.php on line 7144
[22-Apr-2025 03:21:57 UTC] PHP Warning:  Cannot modify header information - headers already sent by (output started at /workspaces/UX221Lab7/.wordpress/wp-content/themes/oddjobs-child/functions.php:8) in /workspaces/UX221Lab7/.wordpress/wp-admin/admin-ajax.php on line 27
[22-Apr-2025 03:21:57 UTC] PHP Warning:  Cannot modify header information - headers already sent by (output started at /workspaces/UX221Lab7/.wordpress/wp-content/themes/oddjobs-child/functions.php:8) in /workspaces/UX221Lab7/.wordpress/wp-admin/admin-ajax.php on line 28
[22-Apr-2025 03:21:57 UTC] PHP Warning:  Cannot modify header information - headers already sent by (output started at /workspaces/UX221Lab7/.wordpress/wp-content/themes/oddjobs-child/functions.php:8) in /workspaces/UX221Lab7/.wordpress/wp-includes/functions.php on line 7031
[22-Apr-2025 03:21:57 UTC] PHP Warning:  Cannot modify header information - headers already sent by (output started at /workspaces/UX221Lab7/.wordpress/wp-content/themes/oddjobs-child/functions.php:8) in /workspaces/UX221Lab7/.wordpress/wp-includes/functions.php on line 7168
[22-Apr-2025 03:21:57 UTC] PHP Warning:  Cannot modify header information - headers already sent by (output started at /workspaces/UX221Lab7/.wordpress/wp-content/themes/oddjobs-child/functions.php:8) in /workspaces/UX221Lab7/.wordpress/wp-includes/functions.php on line 7144
[22-Apr-2025 03:23:58 UTC] PHP Warning:  Cannot modify header information - headers already sent by (output started at /workspaces/UX221Lab7/.wordpress/wp-content/themes/oddjobs-child/functions.php:8) in /workspaces/UX221Lab7/.wordpress/wp-admin/admin-ajax.php on line 27
[22-Apr-2025 03:23:58 UTC] PHP Warning:  Cannot modify header information - headers already sent by (output started at /workspaces/UX221Lab7/.wordpress/wp-content/themes/oddjobs-child/functions.php:8) in /workspaces/UX221Lab7/.wordpress/wp-admin/admin-ajax.php on line 28
[22-Apr-2025 03:23:58 UTC] PHP Warning:  Cannot modify header information - headers already sent by (output started at /workspaces/UX221Lab7/.wordpress/wp-content/themes/oddjobs-child/functions.php:8) in /workspaces/UX221Lab7/.wordpress/wp-includes/functions.php on line 7031
[22-Apr-2025 03:23:58 UTC] PHP Warning:  Cannot modify header information - headers already sent by (output started at /workspaces/UX221Lab7/.wordpress/wp-content/themes/oddjobs-child/functions.php:8) in /workspaces/UX221Lab7/.wordpress/wp-includes/functions.php on line 7168
[22-Apr-2025 03:23:58 UTC] PHP Warning:  Cannot modify header information - headers already sent by (output started at /workspaces/UX221Lab7/.wordpress/wp-content/themes/oddjobs-child/functions.php:8) in /workspaces/UX221Lab7/.wordpress/wp-includes/functions.php on line 7144
[22-Apr-2025 03:25:59 UTC] PHP Warning:  Cannot modify header information - headers already sent by (output started at /workspaces/UX221Lab7/.wordpress/wp-content/themes/oddjobs-child/functions.php:8) in /workspaces/UX221Lab7/.wordpress/wp-admin/admin-ajax.php on line 27
[22-Apr-2025 03:25:59 UTC] PHP Warning:  Cannot modify header information - headers already sent by (output started at /workspaces/UX221Lab7/.wordpress/wp-content/themes/oddjobs-child/functions.php:8) in /workspaces/UX221Lab7/.wordpress/wp-admin/admin-ajax.php on line 28
[22-Apr-2025 03:25:59 UTC] PHP Warning:  Cannot modify header information - headers already sent by (output started at /workspaces/UX221Lab7/.wordpress/wp-content/themes/oddjobs-child/functions.php:8) in /workspaces/UX221Lab7/.wordpress/wp-includes/functions.php on line 7031
[22-Apr-2025 03:25:59 UTC] PHP Warning:  Cannot modify header information - headers already sent by (output started at /workspaces/UX221Lab7/.wordpress/wp-content/themes/oddjobs-child/functions.php:8) in /workspaces/UX221Lab7/.wordpress/wp-includes/functions.php on line 7168
[22-Apr-2025 03:25:59 UTC] PHP Warning:  Cannot modify header information - headers already sent by (output started at /workspaces/UX221Lab7/.wordpress/wp-content/themes/oddjobs-child/functions.php:8) in /workspaces/UX221Lab7/.wordpress/wp-includes/functions.php on line 7144
[22-Apr-2025 03:49:46 UTC] PHP Warning:  Cannot modify header information - headers already sent by (output started at /workspaces/UX221Lab7/.wordpress/wp-content/themes/oddjobs-child/functions.php:8) in /workspaces/UX221Lab7/.wordpress/wp-includes/functions.php on line 7168
[22-Apr-2025 03:49:46 UTC] PHP Warning:  Cannot modify header information - headers already sent by (output started at /workspaces/UX221Lab7/.wordpress/wp-content/themes/oddjobs-child/functions.php:8) in /workspaces/UX221Lab7/.wordpress/wp-includes/functions.php on line 7144
[22-Apr-2025 03:49:46 UTC] PHP Warning:  Cannot modify header information - headers already sent by (output started at /workspaces/UX221Lab7/.wordpress/wp-content/themes/oddjobs-child/functions.php:8) in /workspaces/UX221Lab7/.wordpress/wp-admin/admin-header.php on line 14
[22-Apr-2025 03:52:11 UTC] PHP Warning:  Cannot modify header information - headers already sent by (output started at /workspaces/UX221Lab7/.wordpress/wp-content/themes/oddjobs-child/functions.php:8) in /workspaces/UX221Lab7/.wordpress/wp-admin/admin-ajax.php on line 27
[22-Apr-2025 03:52:11 UTC] PHP Warning:  Cannot modify header information - headers already sent by (output started at /workspaces/UX221Lab7/.wordpress/wp-content/themes/oddjobs-child/functions.php:8) in /workspaces/UX221Lab7/.wordpress/wp-admin/admin-ajax.php on line 28
[22-Apr-2025 03:52:11 UTC] PHP Warning:  Cannot modify header information - headers already sent by (output started at /workspaces/UX221Lab7/.wordpress/wp-content/themes/oddjobs-child/functions.php:8) in /workspaces/UX221Lab7/.wordpress/wp-includes/functions.php on line 7031
[22-Apr-2025 03:52:11 UTC] PHP Warning:  Cannot modify header information - headers already sent by (output started at /workspaces/UX221Lab7/.wordpress/wp-content/themes/oddjobs-child/functions.php:8) in /workspaces/UX221Lab7/.wordpress/wp-includes/functions.php on line 7168
[22-Apr-2025 03:52:11 UTC] PHP Warning:  Cannot modify header information - headers already sent by (output started at /workspaces/UX221Lab7/.wordpress/wp-content/themes/oddjobs-child/functions.php:8) in /workspaces/UX221Lab7/.wordpress/wp-includes/functions.php on line 7144
[22-Apr-2025 03:54:12 UTC] PHP Warning:  Cannot modify header information - headers already sent by (output started at /workspaces/UX221Lab7/.wordpress/wp-content/themes/oddjobs-child/functions.php:8) in /workspaces/UX221Lab7/.wordpress/wp-admin/admin-ajax.php on line 27
[22-Apr-2025 03:54:12 UTC] PHP Warning:  Cannot modify header information - headers already sent by (output started at /workspaces/UX221Lab7/.wordpress/wp-content/themes/oddjobs-child/functions.php:8) in /workspaces/UX221Lab7/.wordpress/wp-admin/admin-ajax.php on line 28
[22-Apr-2025 03:54:12 UTC] PHP Warning:  Cannot modify header information - headers already sent by (output started at /workspaces/UX221Lab7/.wordpress/wp-content/themes/oddjobs-child/functions.php:8) in /workspaces/UX221Lab7/.wordpress/wp-includes/functions.php on line 7031
[22-Apr-2025 03:54:12 UTC] PHP Warning:  Cannot modify header information - headers already sent by (output started at /workspaces/UX221Lab7/.wordpress/wp-content/themes/oddjobs-child/functions.php:8) in /workspaces/UX221Lab7/.wordpress/wp-includes/functions.php on line 7168
[22-Apr-2025 03:54:12 UTC] PHP Warning:  Cannot modify header information - headers already sent by (output started at /workspaces/UX221Lab7/.wordpress/wp-content/themes/oddjobs-child/functions.php:8) in /workspaces/UX221Lab7/.wordpress/wp-includes/functions.php on line 7144
[22-Apr-2025 03:56:13 UTC] PHP Warning:  Cannot modify header information - headers already sent by (output started at /workspaces/UX221Lab7/.wordpress/wp-content/themes/oddjobs-child/functions.php:8) in /workspaces/UX221Lab7/.wordpress/wp-admin/admin-ajax.php on line 27
[22-Apr-2025 03:56:13 UTC] PHP Warning:  Cannot modify header information - headers already sent by (output started at /workspaces/UX221Lab7/.wordpress/wp-content/themes/oddjobs-child/functions.php:8) in /workspaces/UX221Lab7/.wordpress/wp-admin/admin-ajax.php on line 28
[22-Apr-2025 03:56:13 UTC] PHP Warning:  Cannot modify header information - headers already sent by (output started at /workspaces/UX221Lab7/.wordpress/wp-content/themes/oddjobs-child/functions.php:8) in /workspaces/UX221Lab7/.wordpress/wp-includes/functions.php on line 7031
[22-Apr-2025 03:56:13 UTC] PHP Warning:  Cannot modify header information - headers already sent by (output started at /workspaces/UX221Lab7/.wordpress/wp-content/themes/oddjobs-child/functions.php:8) in /workspaces/UX221Lab7/.wordpress/wp-includes/functions.php on line 7168
[22-Apr-2025 03:56:13 UTC] PHP Warning:  Cannot modify header information - headers already sent by (output started at /workspaces/UX221Lab7/.wordpress/wp-content/themes/oddjobs-child/functions.php:8) in /workspaces/UX221Lab7/.wordpress/wp-includes/functions.php on line 7144
[22-Apr-2025 03:58:14 UTC] PHP Warning:  Cannot modify header information - headers already sent by (output started at /workspaces/UX221Lab7/.wordpress/wp-content/themes/oddjobs-child/functions.php:8) in /workspaces/UX221Lab7/.wordpress/wp-admin/admin-ajax.php on line 27
[22-Apr-2025 03:58:14 UTC] PHP Warning:  Cannot modify header information - headers already sent by (output started at /workspaces/UX221Lab7/.wordpress/wp-content/themes/oddjobs-child/functions.php:8) in /workspaces/UX221Lab7/.wordpress/wp-admin/admin-ajax.php on line 28
[22-Apr-2025 03:58:14 UTC] PHP Warning:  Cannot modify header information - headers already sent by (output started at /workspaces/UX221Lab7/.wordpress/wp-content/themes/oddjobs-child/functions.php:8) in /workspaces/UX221Lab7/.wordpress/wp-includes/functions.php on line 7031
[22-Apr-2025 03:58:14 UTC] PHP Warning:  Cannot modify header information - headers already sent by (output started at /workspaces/UX221Lab7/.wordpress/wp-content/themes/oddjobs-child/functions.php:8) in /workspaces/UX221Lab7/.wordpress/wp-includes/functions.php on line 7168
[22-Apr-2025 03:58:14 UTC] PHP Warning:  Cannot modify header information - headers already sent by (output started at /workspaces/UX221Lab7/.wordpress/wp-content/themes/oddjobs-child/functions.php:8) in /workspaces/UX221Lab7/.wordpress/wp-includes/functions.php on line 7144
[22-Apr-2025 04:00:15 UTC] PHP Warning:  Cannot modify header information - headers already sent by (output started at /workspaces/UX221Lab7/.wordpress/wp-content/themes/oddjobs-child/functions.php:8) in /workspaces/UX221Lab7/.wordpress/wp-admin/admin-ajax.php on line 27
[22-Apr-2025 04:00:15 UTC] PHP Warning:  Cannot modify header information - headers already sent by (output started at /workspaces/UX221Lab7/.wordpress/wp-content/themes/oddjobs-child/functions.php:8) in /workspaces/UX221Lab7/.wordpress/wp-admin/admin-ajax.php on line 28
[22-Apr-2025 04:00:15 UTC] PHP Warning:  Cannot modify header information - headers already sent by (output started at /workspaces/UX221Lab7/.wordpress/wp-content/themes/oddjobs-child/functions.php:8) in /workspaces/UX221Lab7/.wordpress/wp-includes/functions.php on line 7031
[22-Apr-2025 04:00:15 UTC] PHP Warning:  Cannot modify header information - headers already sent by (output started at /workspaces/UX221Lab7/.wordpress/wp-content/themes/oddjobs-child/functions.php:8) in /workspaces/UX221Lab7/.wordpress/wp-includes/functions.php on line 7168
[22-Apr-2025 04:00:15 UTC] PHP Warning:  Cannot modify header information - headers already sent by (output started at /workspaces/UX221Lab7/.wordpress/wp-content/themes/oddjobs-child/functions.php:8) in /workspaces/UX221Lab7/.wordpress/wp-includes/functions.php on line 7144
